2026-03-11 16:06:29 INFO  org.connect4.database.Database - Connected to database successfully.
2026-03-11 16:06:29 INFO  org.connect4.database.Database - Database table 'high_scores' initialized successfully.
2026-03-11 16:07:00 INFO  org.connect4.database.Database - Connected to database successfully.
2026-03-11 16:07:00 INFO  org.connect4.database.Database - Database table 'high_scores' initialized successfully.
2026-03-11 16:07:23 INFO  org.connect4.database.Database - Added new player 'Computer' with 1 win.
2026-03-11 16:07:30 INFO  org.connect4.database.Database - Database connection closed.
2026-03-17 15:02:20 INFO  org.connect4.database.Database - Connected to database successfully.
2026-03-17 15:02:20 INFO  org.connect4.database.Database - Database table 'high_scores' initialized successfully.
2026-03-17 15:18:08 INFO  org.connect4.database.Database - Connected to database successfully.
2026-03-17 15:18:08 INFO  org.connect4.database.Database - Database table 'high_scores' initialized successfully.
2026-03-17 15:19:37 INFO  org.connect4.database.Database - Connected to database successfully.
2026-03-17 15:19:37 INFO  org.connect4.database.Database - Database table 'high_scores' initialized successfully.
2026-03-17 15:19:42 INFO  org.connect4.database.Database - Displayed high scores successfully.
2026-03-17 15:20:02 INFO  org.connect4.database.Database - Updated win count for player 'Computer'.
2026-03-17 15:24:53 INFO  org.connect4.database.Database - Connected to database successfully.
2026-03-17 15:24:53 INFO  org.connect4.database.Database - Database table 'high_scores' initialized successfully.
2026-03-17 15:25:26 INFO  org.connect4.database.Database - Updated win count for player 'Computer'.
2026-03-17 15:25:29 INFO  org.connect4.database.Database - Displayed high scores successfully.
2026-03-17 15:25:36 INFO  org.connect4.database.Database - Database connection closed.
2026-03-30 10:06:56 INFO  org.connect4.database.Database - Connected to database successfully.
2026-03-30 10:06:56 INFO  org.connect4.database.Database - Database table 'high_scores' initialized successfully.
2026-03-30 10:07:00 INFO  org.connect4.database.Database - Database connection closed.
2026-03-30 10:08:41 INFO  org.connect4.database.Database - Connected to database successfully.
2026-03-30 10:08:41 INFO  org.connect4.database.Database - Database table 'high_scores' initialized successfully.
2026-03-30 10:08:41 INFO  org.connect4.database.Database - Connected to database successfully.
2026-03-30 10:08:41 INFO  org.connect4.database.Database - Database table 'high_scores' initialized successfully.
2026-03-30 10:08:41 INFO  org.connect4.database.Database - Displayed high scores successfully.
2026-03-30 10:08:41 INFO  org.connect4.database.Database - Connected to database successfully.
2026-03-30 10:08:41 INFO  org.connect4.database.Database - Database table 'high_scores' initialized successfully.
2026-03-30 10:08:41 INFO  org.connect4.database.Database - Database connection closed.
2026-03-30 10:08:41 INFO  org.connect4.database.Database - Connected to database successfully.
2026-03-30 10:08:41 INFO  org.connect4.database.Database - Database table 'high_scores' initialized successfully.
2026-03-30 10:08:41 INFO  org.connect4.database.Database - Connected to database successfully.
2026-03-30 10:08:41 INFO  org.connect4.database.Database - Database table 'high_scores' initialized successfully.
2026-03-30 10:08:42 INFO  org.connect4.database.Database - Connected to database successfully.
2026-03-30 10:08:42 INFO  org.connect4.database.Database - Database table 'high_scores' initialized successfully.
2026-03-30 10:08:42 INFO  org.connect4.database.Database - Connected to database successfully.
2026-03-30 10:08:42 INFO  org.connect4.database.Database - Database table 'high_scores' initialized successfully.
2026-03-30 10:08:42 INFO  org.connect4.database.Database - Connected to database successfully.
2026-03-30 10:08:42 INFO  org.connect4.database.Database - Database table 'high_scores' initialized successfully.
2026-03-30 10:10:23 INFO  org.connect4.database.Database - Connected to database successfully.
2026-03-30 10:10:23 INFO  org.connect4.database.Database - Database table 'high_scores' initialized successfully.
2026-03-30 10:10:23 INFO  org.connect4.database.Database - Connected to database successfully.
2026-03-30 10:10:23 INFO  org.connect4.database.Database - Database table 'high_scores' initialized successfully.
2026-03-30 10:10:23 INFO  org.connect4.database.Database - Displayed high scores successfully.
2026-03-30 10:10:23 INFO  org.connect4.database.Database - Connected to database successfully.
2026-03-30 10:10:23 INFO  org.connect4.database.Database - Database table 'high_scores' initialized successfully.
2026-03-30 10:10:23 INFO  org.connect4.database.Database - Database connection closed.
2026-03-30 10:10:23 INFO  org.connect4.database.Database - Connected to database successfully.
2026-03-30 10:10:23 INFO  org.connect4.database.Database - Database table 'high_scores' initialized successfully.
2026-03-30 10:10:23 INFO  org.connect4.database.Database - Connected to database successfully.
2026-03-30 10:10:23 INFO  org.connect4.database.Database - Database table 'high_scores' initialized successfully.
2026-03-30 10:10:24 INFO  org.connect4.database.Database - Connected to database successfully.
2026-03-30 10:10:24 INFO  org.connect4.database.Database - Database table 'high_scores' initialized successfully.
2026-03-30 10:10:24 INFO  org.connect4.database.Database - Connected to database successfully.
2026-03-30 10:10:24 INFO  org.connect4.database.Database - Database table 'high_scores' initialized successfully.
2026-03-30 10:10:24 INFO  org.connect4.database.Database - Connected to database successfully.
2026-03-30 10:10:24 INFO  org.connect4.database.Database - Database table 'high_scores' initialized successfully.
2026-03-30 10:11:02 INFO  org.connect4.database.Database - Connected to database successfully.
2026-03-30 10:11:02 INFO  org.connect4.database.Database - Database table 'high_scores' initialized successfully.
2026-03-30 10:11:02 INFO  org.connect4.database.Database - Connected to database successfully.
2026-03-30 10:11:02 INFO  org.connect4.database.Database - Database table 'high_scores' initialized successfully.
2026-03-30 10:11:02 INFO  org.connect4.database.Database - Displayed high scores successfully.
2026-03-30 10:11:02 INFO  org.connect4.database.Database - Connected to database successfully.
2026-03-30 10:11:02 INFO  org.connect4.database.Database - Database table 'high_scores' initialized successfully.
2026-03-30 10:11:02 INFO  org.connect4.database.Database - Database connection closed.
2026-03-30 10:11:02 INFO  org.connect4.database.Database - Connected to database successfully.
2026-03-30 10:11:02 INFO  org.connect4.database.Database - Database table 'high_scores' initialized successfully.
2026-03-30 10:11:02 INFO  org.connect4.database.Database - Connected to database successfully.
2026-03-30 10:11:02 INFO  org.connect4.database.Database - Database table 'high_scores' initialized successfully.
2026-03-30 10:11:03 INFO  org.connect4.database.Database - Connected to database successfully.
2026-03-30 10:11:03 INFO  org.connect4.database.Database - Database table 'high_scores' initialized successfully.
2026-03-30 10:11:03 INFO  org.connect4.database.Database - Connected to database successfully.
2026-03-30 10:11:03 INFO  org.connect4.database.Database - Database table 'high_scores' initialized successfully.
2026-03-30 10:11:03 INFO  org.connect4.database.Database - Connected to database successfully.
2026-03-30 10:11:03 INFO  org.connect4.database.Database - Database table 'high_scores' initialized successfully.
2026-03-30 10:11:29 INFO  org.connect4.database.Database - Connected to database successfully.
2026-03-30 10:11:29 INFO  org.connect4.database.Database - Database table 'high_scores' initialized successfully.
2026-03-30 10:11:29 INFO  org.connect4.database.Database - Connected to database successfully.
2026-03-30 10:11:29 INFO  org.connect4.database.Database - Database table 'high_scores' initialized successfully.
2026-03-30 10:11:29 INFO  org.connect4.database.Database - Displayed high scores successfully.
2026-03-30 10:11:29 INFO  org.connect4.database.Database - Connected to database successfully.
2026-03-30 10:11:29 INFO  org.connect4.database.Database - Database table 'high_scores' initialized successfully.
2026-03-30 10:11:29 INFO  org.connect4.database.Database - Database connection closed.
2026-03-30 10:11:29 INFO  org.connect4.database.Database - Connected to database successfully.
2026-03-30 10:11:29 INFO  org.connect4.database.Database - Database table 'high_scores' initialized successfully.
2026-03-30 10:11:29 INFO  org.connect4.database.Database - Connected to database successfully.
2026-03-30 10:11:29 INFO  org.connect4.database.Database - Database table 'high_scores' initialized successfully.
2026-03-30 10:11:30 INFO  org.connect4.database.Database - Connected to database successfully.
2026-03-30 10:11:30 INFO  org.connect4.database.Database - Database table 'high_scores' initialized successfully.
2026-03-30 10:11:30 INFO  org.connect4.database.Database - Connected to database successfully.
2026-03-30 10:11:30 INFO  org.connect4.database.Database - Database table 'high_scores' initialized successfully.
2026-03-30 10:11:30 INFO  org.connect4.database.Database - Connected to database successfully.
2026-03-30 10:11:30 INFO  org.connect4.database.Database - Database table 'high_scores' initialized successfully.
2026-03-30 10:12:37 INFO  org.connect4.database.Database - Connected to database successfully.
2026-03-30 10:12:37 INFO  org.connect4.database.Database - Database table 'high_scores' initialized successfully.
2026-03-30 10:13:47 INFO  org.connect4.database.Database - Updated win count for player 'Computer'.
2026-03-30 10:14:27 INFO  org.connect4.database.Database - Updated win count for player 'Computer'.
2026-03-30 10:14:30 INFO  org.connect4.database.Database - Displayed high scores successfully.
2026-03-30 10:14:31 INFO  org.connect4.database.Database - Displayed high scores successfully.
2026-03-30 10:14:31 INFO  org.connect4.database.Database - Displayed high scores successfully.
2026-03-30 10:14:31 INFO  org.connect4.database.Database - Displayed high scores successfully.
2026-03-30 10:14:38 INFO  org.connect4.database.Database - Database connection closed.
2026-03-30 10:14:50 INFO  org.connect4.database.Database - Connected to database successfully.
2026-03-30 10:14:50 INFO  org.connect4.database.Database - Database table 'high_scores' initialized successfully.
2026-03-30 10:15:44 INFO  org.connect4.database.Database - Updated win count for player 'Computer'.
2026-03-30 10:16:05 INFO  org.connect4.database.Database - Updated win count for player 'Computer'.
2026-03-30 10:16:10 INFO  org.connect4.database.Database - Database connection closed.
2026-03-30 10:21:18 INFO  org.connect4.database.Database - Connected to database successfully.
2026-03-30 10:21:18 INFO  org.connect4.database.Database - Database table 'high_scores' initialized successfully.
2026-03-30 10:21:23 INFO  org.connect4.database.Database - Displayed high scores successfully.
2026-03-30 10:21:23 INFO  org.connect4.database.Database - Displayed high scores successfully.
2026-03-30 10:21:24 INFO  org.connect4.database.Database - Displayed high scores successfully.
2026-03-30 10:21:24 INFO  org.connect4.database.Database - Displayed high scores successfully.
2026-03-30 10:21:26 INFO  org.connect4.database.Database - Displayed high scores successfully.
2026-03-30 10:21:28 INFO  org.connect4.database.Database - Database connection closed.
2026-03-30 10:22:05 INFO  org.connect4.database.Database - Connected to database successfully.
2026-03-30 10:22:05 INFO  org.connect4.database.Database - Database table 'high_scores' initialized successfully.
2026-03-30 10:22:34 INFO  org.connect4.database.Database - Updated win count for player 'Computer'.
2026-03-30 10:22:41 INFO  org.connect4.database.Database - Database connection closed.
2026-03-30 10:23:05 INFO  org.connect4.database.Database - Connected to database successfully.
2026-03-30 10:23:05 INFO  org.connect4.database.Database - Database table 'high_scores' initialized successfully.
2026-03-30 10:23:06 INFO  org.connect4.database.Database - Connected to database successfully.
2026-03-30 10:23:06 INFO  org.connect4.database.Database - Database table 'high_scores' initialized successfully.
2026-03-30 10:23:06 INFO  org.connect4.database.Database - Displayed high scores successfully.
2026-03-30 10:23:06 INFO  org.connect4.database.Database - Connected to database successfully.
2026-03-30 10:23:06 INFO  org.connect4.database.Database - Database table 'high_scores' initialized successfully.
2026-03-30 10:23:06 INFO  org.connect4.database.Database - Database connection closed.
2026-03-30 10:23:06 INFO  org.connect4.database.Database - Connected to database successfully.
2026-03-30 10:23:06 INFO  org.connect4.database.Database - Database table 'high_scores' initialized successfully.
2026-03-30 10:23:06 INFO  org.connect4.database.Database - Connected to database successfully.
2026-03-30 10:23:06 INFO  org.connect4.database.Database - Database table 'high_scores' initialized successfully.
2026-03-30 10:23:06 INFO  org.connect4.database.Database - Connected to database successfully.
2026-03-30 10:23:06 INFO  org.connect4.database.Database - Database table 'high_scores' initialized successfully.
2026-03-30 10:23:06 INFO  org.connect4.database.Database - Connected to database successfully.
2026-03-30 10:23:06 INFO  org.connect4.database.Database - Database table 'high_scores' initialized successfully.
2026-03-30 10:23:06 INFO  org.connect4.database.Database - Connected to database successfully.
2026-03-30 10:23:06 INFO  org.connect4.database.Database - Database table 'high_scores' initialized successfully.
